{"B:\\User\\Documents\\Cursos\\UTN\\utnnodejs\\Clase-07\\ExampleC7\\sumar.js": {"path":"B:\\User\\Documents\\Cursos\\UTN\\utnnodejs\\Clase-07\\ExampleC7\\sumar.js","statementMap":{"0":{"start":{"line":1,"column":14},"end":{"line":3,"column":1}},"1":{"start":{"line":2,"column":4},"end":{"line":2,"column":24}},"2":{"start":{"line":5,"column":0},"end":{"line":5,"column":23}}},"fnMap":{"0":{"name":"(anonymous_0)","decl":{"start":{"line":1,"column":14},"end":{"line":1,"column":15}},"loc":{"start":{"line":1,"column":31},"end":{"line":3,"column":1}},"line":1}},"branchMap":{},"s":{"0":1,"1":1,"2":1},"f":{"0":1},"b":{},"_coverageSchema":"1a1c01bbd47fc00a2c39e90264f33305004495a9","hash":"309cf66eab31362e730bf8bbb1bcdb15b2ddca3b"}
}
